<?xml version="1.0" encoding="UTF-8"?>
<!-- Generated by org.testng.reporters.JUnitXMLReporter -->
<testsuite ignored="0" hostname="Pawan" failures="0" tests="9" name="Default test" time="28.965" errors="0" timestamp="2023-06-04T12:44:29 IST">
  <testcase classname="api.test.UserDDTests" name="testPostuser" time="3.891"/>
  <testcase classname="api.test.UserDDTests" name="testPostuser" time="1.379"/>
  <testcase classname="api.test.UserDDTests" name="testPostuser" time="4.298"/>
  <testcase classname="api.test.UserDDTests" name="testGetUserByName" time="1.329"/>
  <testcase classname="api.test.UserDDTests" name="testGetUserByName" time="1.941"/>
  <testcase classname="api.test.UserDDTests" name="testGetUserByName" time="3.623"/>
  <testcase classname="api.test.UserDDTests" name="testDeleteUserByName" time="4.161"/>
  <testcase classname="api.test.UserDDTests" name="testDeleteUserByName" time="4.772"/>
  <testcase classname="api.test.UserDDTests" name="testDeleteUserByName" time="1.472"/>
</testsuite> <!-- Default test -->
