<?xml version="1.0" encoding="UTF-8"?>
<!-- Generated by org.testng.reporters.JUnitXMLReporter -->
<testsuite ignored="0" hostname="Pawan" failures="0" tests="9" name="PetTest" time="12.943" errors="0" timestamp="2023-06-04T18:45:32 IST">
  <testcase classname="api.test.UserDDTests" name="testPostuser" time="2.869"/>
  <testcase classname="api.test.UserDDTests" name="testPostuser" time="1.067"/>
  <testcase classname="api.test.UserDDTests" name="testPostuser" time="0.989"/>
  <testcase classname="api.test.UserDDTests" name="testGetUserByName" time="1.037"/>
  <testcase classname="api.test.UserDDTests" name="testGetUserByName" time="1.021"/>
  <testcase classname="api.test.UserDDTests" name="testGetUserByName" time="1.423"/>
  <testcase classname="api.test.UserDDTests" name="testDeleteUserByName" time="1.011"/>
  <testcase classname="api.test.UserDDTests" name="testDeleteUserByName" time="1.011"/>
  <testcase classname="api.test.UserDDTests" name="testDeleteUserByName" time="0.995"/>
</testsuite> <!-- PetTest -->
