<?xml version="1.0" encoding="UTF-8"?>
<!-- Generated by org.testng.reporters.JUnitXMLReporter -->
<testsuite ignored="0" hostname="Pawan" failures="0" tests="9" name="PetTest" time="23.699" errors="0" timestamp="2023-06-04T17:57:03 IST">
  <testcase classname="api.test.UserDDTests" name="testPostuser" time="3.669"/>
  <testcase classname="api.test.UserDDTests" name="testPostuser" time="1.741"/>
  <testcase classname="api.test.UserDDTests" name="testPostuser" time="1.431"/>
  <testcase classname="api.test.UserDDTests" name="testGetUserByName" time="1.783"/>
  <testcase classname="api.test.UserDDTests" name="testGetUserByName" time="1.555"/>
  <testcase classname="api.test.UserDDTests" name="testGetUserByName" time="4.022"/>
  <testcase classname="api.test.UserDDTests" name="testDeleteUserByName" time="1.412"/>
  <testcase classname="api.test.UserDDTests" name="testDeleteUserByName" time="1.385"/>
  <testcase classname="api.test.UserDDTests" name="testDeleteUserByName" time="1.283"/>
</testsuite> <!-- PetTest -->
